Build started 28/06/2015 13:59:18.
     1>Project "C:\Users\Matthew\Desktop\Code\FeatureExtraction_BoF_SURF\FeatureExtraction_BoF_SURF\FeatureExtraction_BoF_SURF.vcxproj" on node 2 (Build target(s)).
     1>Link:
         C:\Program Files (x86)\Microsoft Visual Studio 12.0\VC\bin\link.exe /ERRORREPORT:PROMPT /OUT:"C:\Users\Matthew\Desktop\Code\FeatureExtraction_BoF_SURF\Debug\FeatureExtraction_BoF_SURF.exe" /INCREMENTAL /NOLOGO /LIBPATH:C:\Users\Matthew\Desktop\Code\OpenCV\opencv\build\x64\vc12\staticlib opencv_calib3d300d.lib opencv_core300d.lib opencv_features2d300d.lib opencv_flann300d.lib opencv_hal300d.lib opencv_highgui300d.lib opencv_imgcodecs300d.lib opencv_imgproc300d.lib opencv_ml300d.lib opencv_objdetect300d.lib opencv_photo300d.lib opencv_shape300d.lib opencv_stitching300d.lib opencv_superres300d.lib opencv_ts300d.lib opencv_video300d.lib opencv_videoio300d.lib opencv_videostab300d.lib ippicvmt.lib IlmImfd.lib libtiffd.lib libpngd.lib libjasperd.lib libjpegd.lib libwebpd.lib zlibd.lib comctl32.lib vfw32.lib kernel32.lib user32.lib gdi32.lib winspool.lib comdlg32.lib advapi32.lib shell32.lib ole32.lib oleaut32.lib uuid.lib odbc32.lib odbccp32.lib opencv_calib3d300d.lib opencv_core300d.lib opencv_features2d300d.lib opencv_nonfree300d.lib opencv_flann300d.lib opencv_hal300d.lib opencv_highgui300d.lib opencv_imgcodecs300d.lib opencv_imgproc300d.lib opencv_ml300d.lib opencv_objdetect300d.lib opencv_photo300d.lib opencv_shape300d.lib opencv_stitching300d.lib opencv_superres300d.lib opencv_ts300d.lib opencv_video300d.lib opencv_videoio300d.lib opencv_videostab300d.lib ippicvmt.lib IlmImfd.lib libtiffd.lib libpngd.lib libjasperd.lib libjpegd.lib libwebpd.lib zlibd.lib comctl32.lib vfw32.lib kernel32.lib user32.lib gdi32.lib winspool.lib comdlg32.lib advapi32.lib shell32.lib ole32.lib oleaut32.lib uuid.lib odbc32.lib odbccp32.lib /MANIFEST /MANIFESTUAC:"level='asInvoker' uiAccess='false'" /manifest:embed /DEBUG /PDB:"C:\Users\Matthew\Desktop\Code\FeatureExtraction_BoF_SURF\Debug\FeatureExtraction_BoF_SURF.pdb" /SUBSYSTEM:CONSOLE /TLBID:1 /DYNAMICBASE /NXCOMPAT /IMPLIB:"C:\Users\Matthew\Desktop\Code\FeatureExtraction_BoF_SURF\Debug\FeatureExtraction_BoF_SURF.lib" /MACHINE:X86 Debug\FeatureExtraction_BoF_SURF.obj
         Debug\stdafx.obj
     1>FeatureExtraction_BoF_SURF.obj : error LNK2019: unresolved external symbol "void __cdecl cv::fastFree(void *)" (?fastFree@cv@@YAXPAX@Z) referenced in function "public: __thiscall cv::Mat::~Mat(void)" (??1Mat@cv@@QAE@XZ)
     1>FeatureExtraction_BoF_SURF.obj : error LNK2019: unresolved external symbol "private: char * __thiscall cv::String::allocate(unsigned int)" (?allocate@String@cv@@AAEPADI@Z) referenced in function "public: __thiscall cv::String::String(char const *)" (??0String@cv@@QAE@PBD@Z)
     1>FeatureExtraction_BoF_SURF.obj : error LNK2019: unresolved external symbol "private: void __thiscall cv::String::deallocate(void)" (?deallocate@String@cv@@AAEXXZ) referenced in function "public: __thiscall cv::String::~String(void)" (??1String@cv@@QAE@XZ)
     1>FeatureExtraction_BoF_SURF.obj : error LNK2019: unresolved external symbol "void __cdecl cv::error(int,class cv::String const &,char const *,char const *,int)" (?error@cv@@YAXHABVString@1@PBD1H@Z) referenced in function "class cv::FileStorage & __cdecl cv::operator<<<class cv::Mat>(class cv::FileStorage &,class cv::Mat const &)" (??$?6VMat@cv@@@cv@@YAAAVFileStorage@0@AAV10@ABVMat@0@@Z)
     1>FeatureExtraction_BoF_SURF.obj : error LNK2019: unresolved external symbol "class cv::_InputOutputArray const & __cdecl cv::noArray(void)" (?noArray@cv@@YAABV_InputOutputArray@1@XZ) referenced in function _wmain
     1>FeatureExtraction_BoF_SURF.obj : error LNK2019: unresolved external symbol "public: void __thiscall cv::Mat::deallocate(void)" (?deallocate@Mat@cv@@QAEXXZ) referenced in function "public: void __thiscall cv::Mat::release(void)" (?release@Mat@cv@@QAEXXZ)
     1>FeatureExtraction_BoF_SURF.obj : error LNK2019: unresolved external symbol "public: void __thiscall cv::Mat::copySize(class cv::Mat const &)" (?copySize@Mat@cv@@QAEXABV12@@Z) referenced in function "public: class cv::Mat & __thiscall cv::Mat::operator=(class cv::Mat const &)" (??4Mat@cv@@QAEAAV01@ABV01@@Z)
     1>FeatureExtraction_BoF_SURF.obj : error LNK2019: unresolved external symbol "public: void __thiscall cv::Mat::push_back(class cv::Mat const &)" (?push_back@Mat@cv@@QAEXABV12@@Z) referenced in function _wmain
     1>FeatureExtraction_BoF_SURF.obj : error LNK2019: unresolved external symbol "public: __thiscall cv::FileStorage::FileStorage(class cv::String const &,int,class cv::String const &)" (??0FileStorage@cv@@QAE@ABVString@1@H0@Z) referenced in function _wmain
     1>FeatureExtraction_BoF_SURF.obj : error LNK2019: unresolved external symbol "public: virtual __thiscall cv::FileStorage::~FileStorage(void)" (??1FileStorage@cv@@UAE@XZ) referenced in function _wmain
     1>FeatureExtraction_BoF_SURF.obj : error LNK2019: unresolved external symbol "public: virtual void __thiscall cv::FileStorage::release(void)" (?release@FileStorage@cv@@UAEXXZ) referenced in function _wmain
     1>FeatureExtraction_BoF_SURF.obj : error LNK2019: unresolved external symbol "void __cdecl cv::write(class cv::FileStorage &,class cv::String const &,class cv::Mat const &)" (?write@cv@@YAXAAVFileStorage@1@ABVString@1@ABVMat@1@@Z) referenced in function "class cv::FileStorage & __cdecl cv::operator<<<class cv::Mat>(class cv::FileStorage &,class cv::Mat const &)" (??$?6VMat@cv@@@cv@@YAAAVFileStorage@0@AAV10@ABVMat@0@@Z)
     1>FeatureExtraction_BoF_SURF.obj : error LNK2019: unresolved external symbol "class cv::FileStorage & __cdecl cv::operator<<(class cv::FileStorage &,class cv::String const &)" (??6cv@@YAAAVFileStorage@0@AAV10@ABVString@0@@Z) referenced in function "class cv::FileStorage & __cdecl cv::operator<<(class cv::FileStorage &,char const *)" (??6cv@@YAAAVFileStorage@0@AAV10@PBD@Z)
     1>FeatureExtraction_BoF_SURF.obj : error LNK2019: unresolved external symbol "public: __thiscall cv::BOWKMeansTrainer::BOWKMeansTrainer(int,class cv::TermCriteria const &,int,int)" (??0BOWKMeansTrainer@cv@@QAE@HABVTermCriteria@1@HH@Z) referenced in function _wmain
     1>FeatureExtraction_BoF_SURF.obj : error LNK2019: unresolved external symbol "public: virtual __thiscall cv::BOWKMeansTrainer::~BOWKMeansTrainer(void)" (??1BOWKMeansTrainer@cv@@UAE@XZ) referenced in function _wmain
     1>FeatureExtraction_BoF_SURF.obj : error LNK2019: unresolved external symbol "public: virtual class cv::Mat __thiscall cv::BOWKMeansTrainer::cluster(class cv::Mat const &)const " (?cluster@BOWKMeansTrainer@cv@@UBE?AVMat@2@ABV32@@Z) referenced in function _wmain
     1>FeatureExtraction_BoF_SURF.obj : error LNK2019: unresolved external symbol "class cv::Mat __cdecl cv::imread(class cv::String const &,int)" (?imread@cv@@YA?AVMat@1@ABVString@1@H@Z) referenced in function _wmain
     1>FeatureExtraction_BoF_SURF.obj : error LNK2019: unresolved external symbol "public: static struct cv::Ptr<class cv::xfeatures2d::SURF> __cdecl cv::xfeatures2d::SURF::create(double,int,int,bool,bool)" (?create@SURF@xfeatures2d@cv@@SA?AU?$Ptr@VSURF@xfeatures2d@cv@@@3@NHH_N0@Z) referenced in function _wmain
     1>C:\Users\Matthew\Desktop\Code\FeatureExtraction_BoF_SURF\Debug\FeatureExtraction_BoF_SURF.exe : fatal error LNK1120: 18 unresolved externals
     1>Done Building Project "C:\Users\Matthew\Desktop\Code\FeatureExtraction_BoF_SURF\FeatureExtraction_BoF_SURF\FeatureExtraction_BoF_SURF.vcxproj" (Build target(s)) -- FAILED.

Build FAILED.

Time Elapsed 00:00:01.31
